<?xml version="1.0" encoding="UTF-8"?>
<!-- Generated by org.testng.reporters.JUnitReportReporter -->
<testsuite hostname="DESKTOP-B08FA96" failures="0" tests="5" name="com.testng.Facebook_Login" time="4.472" errors="0" timestamp="2022-04-05T01:44:56 IST" skipped="0">
  <testcase classname="com.testng.Facebook_Login" name="arith" time="0.006"/>
  <testcase classname="com.testng.Facebook_Login" name="username" time="1.042"/>
  <testcase classname="com.testng.Facebook_Login" name="launch" time="2.335"/>
  <testcase classname="com.testng.Facebook_Login" name="password" time="1.052"/>
  <testcase classname="com.testng.Facebook_Login" name="login" time="0.037"/>
</testsuite> <!-- com.testng.Facebook_Login -->
